# JRE version: Java(TM) SE Runtime Environment (8.0_91-b15) (build 1.8.0_91-b15)
# Java VM: Java HotSpot(TM) 64-Bit Server VM (25.91-b15 mixed mode windows-amd64 compressed oops)
Heap:
 PSYoungGen      total 76288K, used 30420K [0x000000076b180000, 0x0000000774680000, 0x00000007c0000000)
  eden space 65536K, 32% used [0x000000076b180000,0x000000076c61e0a8,0x000000076f180000)
  from space 10752K, 86% used [0x000000076f180000,0x000000076fa97258,0x000000076fc00000)
  to   space 10752K, 0% used [0x0000000773c00000,0x0000000773c00000,0x0000000774680000)
 ParOldGen       total 175104K, used 36896K [0x00000006c1400000, 0x00000006cbf00000, 0x000000076b180000)
  object space 175104K, 21% used [0x00000006c1400000,0x00000006c3808030,0x00000006cbf00000)
 Metaspace       used 16792K, capacity 17132K, committed 17536K, reserved 1064960K
  class space    used 1707K, capacity 1795K, committed 1920K, reserved 1048576K
GC Heap History (6 events):
Event: 2.411 GC heap before
{Heap before GC invocations=1 (full 0):
 PSYoungGen      total 76288K, used 65536K [0x000000076b180000, 0x0000000770680000, 0x00000007c0000000)
  eden space 65536K, 100% used [0x000000076b180000,0x000000076f180000,0x000000076f180000)
  from space 10752K, 0% used [0x000000076fc00000,0x000000076fc00000,0x0000000770680000)
  to   space 10752K, 0% used [0x000000076f180000,0x000000076f180000,0x000000076fc00000)
 ParOldGen       total 175104K, used 0K [0x00000006c1400000, 0x00000006cbf00000, 0x000000076b180000)
  object space 175104K, 0% used [0x00000006c1400000,0x00000006c1400000,0x00000006cbf00000)
 Metaspace       used 15440K, capacity 15618K, committed 16000K, reserved 1062912K
  class space    used 1534K, capacity 1604K, committed 1664K, reserved 1048576K
Event: 2.424 GC heap after
Heap after GC invocations=1 (full 0):
 PSYoungGen      total 76288K, used 6627K [0x000000076b180000, 0x0000000770680000, 0x00000007c0000000)
  eden space 65536K, 0% used [0x000000076b180000,0x000000076b180000,0x000000076f180000)
  from space 10752K, 61% used [0x000000076f180000,0x000000076f7f8ec0,0x000000076fc00000)
  to   space 10752K, 0% used [0x000000076fc00000,0x000000076fc00000,0x0000000770680000)
 ParOldGen       total 175104K, used 36880K [0x00000006c1400000, 0x00000006cbf00000, 0x000000076b180000)
  object space 175104K, 21% used [0x00000006c1400000,0x00000006c3804030,0x00000006cbf00000)
 Metaspace       used 15440K, capacity 15618K, committed 16000K, reserved 1062912K
  class space    used 1534K, capacity 1604K, committed 1664K, reserved 1048576K
}
Event: 2.778 GC heap before
{Heap before GC invocations=2 (full 0):
 PSYoungGen      total 76288K, used 72163K [0x000000076b180000, 0x0000000770680000, 0x00000007c0000000)
  eden space 65536K, 100% used [0x000000076b180000,0x000000076f180000,0x000000076f180000)
  from space 10752K, 61% used [0x000000076f180000,0x000000076f7f8ec0,0x000000076fc00000)
  to   space 10752K, 0% used [0x000000076fc00000,0x000000076fc00000,0x0000000770680000)
 ParOldGen       total 175104K, used 36880K [0x00000006c1400000, 0x00000006cbf00000, 0x000000076b180000)
  object space 175104K, 21% used [0x00000006c1400000,0x00000006c3804030,0x00000006cbf00000)
 Metaspace       used 16035K, capacity 16250K, committed 16512K, reserved 1064960K
  class space    used 1579K, capacity 1642K, committed 1664K, reserved 1048576K
Event: 2.782 GC heap after
Heap after GC invocations=2 (full 0):
 PSYoungGen      total 76288K, used 4528K [0x000000076b180000, 0x0000000770680000, 0x00000007c0000000)
  eden space 65536K, 0% used [0x000000076b180000,0x000000076b180000,0x000000076f180000)
  from space 10752K, 42% used [0x000000076fc00000,0x000000077006c008,0x0000000770680000)
  to   space 10752K, 0% used [0x000000076f180000,0x000000076f180000,0x000000076fc00000)
 ParOldGen       total 175104K, used 36888K [0x00000006c1400000, 0x00000006cbf00000, 0x000000076b180000)
  object space 175104K, 21% used [0x00000006c1400000,0x00000006c3806030,0x00000006cbf00000)
 Metaspace       used 16035K, capacity 16250K, committed 16512K, reserved 1064960K
  class space    used 1579K, capacity 1642K, committed 1664K, reserved 1048576K
}
Event: 3.277 GC heap before
{Heap before GC invocations=3 (full 0):
 PSYoungGen      total 76288K, used 70064K [0x000000076b180000, 0x0000000770680000, 0x00000007c0000000)
  eden space 65536K, 100% used [0x000000076b180000,0x000000076f180000,0x000000076f180000)
  from space 10752K, 42% used [0x000000076fc00000,0x000000077006c008,0x0000000770680000)
  to   space 10752K, 0% used [0x000000076f180000,0x000000076f180000,0x000000076fc00000)
 ParOldGen       total 175104K, used 36888K [0x00000006c1400000, 0x00000006cbf00000, 0x000000076b180000)
  object space 175104K, 21% used [0x00000006c1400000,0x00000006c3806030,0x00000006cbf00000)
 Metaspace       used 16456K, capacity 16780K, committed 17152K, reserved 1064960K
  class space    used 1643K, capacity 1725K, committed 1792K, reserved 1048576K
Event: 3.287 GC heap after
Heap after GC invocations=3 (full 0):
 PSYoungGen      total 76288K, used 9308K [0x000000076b180000, 0x0000000774680000, 0x00000007c0000000)
  eden space 65536K, 0% used [0x000000076b180000,0x000000076b180000,0x000000076f180000)
  from space 10752K, 86% used [0x000000076f180000,0x000000076fa97258,0x000000076fc00000)
  to   space 10752K, 0% used [0x0000000773c00000,0x0000000773c00000,0x0000000774680000)
 ParOldGen       total 175104K, used 36896K [0x00000006c1400000, 0x00000006cbf00000, 0x000000076b180000)
  object space 175104K, 21% used [0x00000006c1400000,0x00000006c3808030,0x00000006cbf00000)
 Metaspace       used 16456K, capacity 16780K, committed 17152K, reserved 1064960K
  class space    used 1643K, capacity 1725K, committed 1792K, reserved 1048576K
}

